{
"src/rxjs_imports.ts":{"path":"src/rxjs_imports.ts","statementMap":{"1":{"start":{"line":2,"column":0},"end":{"line":2,"column":25}},"2":{"start":{"line":4,"column":0},"end":{"line":4,"column":40}},"3":{"start":{"line":5,"column":0},"end":{"line":5,"column":33}},"4":{"start":{"line":6,"column":0},"end":{"line":6,"column":33}},"5":{"start":{"line":7,"column":0},"end":{"line":7,"column":31}},"6":{"start":{"line":8,"column":0},"end":{"line":8,"column":36}},"7":{"start":{"line":9,"column":0},"end":{"line":9,"column":33}},"8":{"start":{"line":10,"column":0},"end":{"line":10,"column":32}},"9":{"start":{"line":11,"column":0},"end":{"line":11,"column":37}},"10":{"start":{"line":13,"column":0},"end":{"line":13,"column":38}},"11":{"start":{"line":14,"column":0},"end":{"line":14,"column":35}},"12":{"start":{"line":15,"column":0},"end":{"line":15,"column":32}},"13":{"start":{"line":16,"column":0},"end":{"line":16,"column":39}}},"fnMap":{},"branchMap":{},"s":{"1":1,"2":1,"3":1,"4":1,"5":1,"6":1,"7":1,"8":1,"9":1,"10":1,"11":1,"12":1,"13":1},"b":{},"f":{},"l":{"2":1,"4":1,"5":1,"6":1,"7":1,"8":1,"9":1,"10":1,"11":1,"13":1,"14":1,"15":1,"16":1}},
"src/app/core/rest.service.ts":{"path":"src/app/core/rest.service.ts","statementMap":{"1":{"start":{"line":1,"column":0},"end":{"line":1,"column":51}},"2":{"start":{"line":2,"column":0},"end":{"line":2,"column":78}},"3":{"start":{"line":5,"column":0},"end":{"line":5,"column":49}},"4":{"start":{"line":6,"column":0},"end":{"line":6,"column":43}},"5":{"start":{"line":9,"column":0},"end":{"line":19,"column":1}},"6":{"start":{"line":10,"column":2},"end":{"line":10,"column":19}},"7":{"start":{"line":12,"column":2},"end":{"line":16,"column":3}},"8":{"start":{"line":13,"column":4},"end":{"line":13,"column":30}},"9":{"start":{"line":15,"column":4},"end":{"line":15,"column":17}},"10":{"start":{"line":18,"column":2},"end":{"line":18,"column":17}},"11":{"start":{"line":22,"column":0},"end":{"line":80,"column":1}},"12":{"start":{"line":24,"column":2},"end":{"line":27,"column":7}},"13":{"start":{"line":25,"column":12},"end":{"line":25,"column":22}},"14":{"start":{"line":26,"column":34},"end":{"line":26,"column":53}},"15":{"start":{"line":29,"column":2},"end":{"line":35,"column":3}},"16":{"start":{"line":29,"column":20},"end":{"line":29,"column":37}},"17":{"start":{"line":30,"column":4},"end":{"line":32,"column":7}},"18":{"start":{"line":34,"column":4},"end":{"line":34,"column":61}},"19":{"start":{"line":37,"column":2},"end":{"line":44,"column":3}},"20":{"start":{"line":37,"column":32},"end":{"line":37,"column":49}},"21":{"start":{"line":38,"column":4},"end":{"line":41,"column":7}},"22":{"start":{"line":43,"column":4},"end":{"line":43,"column":61}},"23":{"start":{"line":46,"column":2},"end":{"line":53,"column":3}},"24":{"start":{"line":46,"column":31},"end":{"line":46,"column":48}},"25":{"start":{"line":47,"column":4},"end":{"line":50,"column":7}},"26":{"start":{"line":52,"column":4},"end":{"line":52,"column":61}},"27":{"start":{"line":55,"column":2},"end":{"line":61,"column":3}},"28":{"start":{"line":55,"column":23},"end":{"line":55,"column":40}},"29":{"start":{"line":56,"column":4},"end":{"line":58,"column":7}},"30":{"start":{"line":60,"column":4},"end":{"line":60,"column":61}},"31":{"start":{"line":63,"column":12},"end":{"line":77,"column":3}},"32":{"start":{"line":64,"column":4},"end":{"line":64,"column":20}},"33":{"start":{"line":66,"column":4},"end":{"line":70,"column":5}},"34":{"start":{"line":67,"column":6},"end":{"line":67,"column":17}},"35":{"start":{"line":69,"column":6},"end":{"line":69,"column":46}},"36":{"start":{"line":72,"column":4},"end":{"line":76,"column":15}},"37":{"start":{"line":21,"column":0},"end":{"line":21,"column":13}},"38":{"start":{"line":80,"column":0},"end":{"line":80,"column":1}},"39":{"start":{"line":22,"column":13},"end":{"line":80,"column":1}}},"fnMap":{"1":{"name":"extractResponseData","line":9,"loc":{"start":{"line":9,"column":0},"end":{"line":9,"column":47}}},"2":{"name":"(anonymous_2)","line":22,"loc":{"start":{"line":22,"column":0},"end":{"line":null,"column":-1}}},"3":{"name":"RestService","line":24,"loc":{"start":{"line":24,"column":2},"end":{"line":26,"column":53}}},"4":{"name":"(anonymous_4)","line":29,"loc":{"start":{"line":29,"column":2},"end":{"line":29,"column":37}}},"5":{"name":"(anonymous_5)","line":37,"loc":{"start":{"line":37,"column":2},"end":{"line":37,"column":49}}},"6":{"name":"(anonymous_6)","line":46,"loc":{"start":{"line":46,"column":2},"end":{"line":46,"column":48}}},"7":{"name":"(anonymous_7)","line":55,"loc":{"start":{"line":55,"column":2},"end":{"line":55,"column":40}}},"8":{"name":"(anonymous_8)","line":63,"loc":{"start":{"line":63,"column":2},"end":{"line":63,"column":64}}}},"branchMap":{"1":{"line":29,"type":"if","locations":[{"start":{"line":29,"column":20},"end":{"line":29,"column":19}},{"start":{"line":29,"column":20},"end":{"line":29,"column":19}}]},"2":{"line":37,"type":"if","locations":[{"start":{"line":37,"column":32},"end":{"line":37,"column":31}},{"start":{"line":37,"column":32},"end":{"line":37,"column":31}}]},"3":{"line":46,"type":"if","locations":[{"start":{"line":46,"column":31},"end":{"line":46,"column":30}},{"start":{"line":46,"column":31},"end":{"line":46,"column":30}}]},"4":{"line":55,"type":"if","locations":[{"start":{"line":55,"column":23},"end":{"line":55,"column":22}},{"start":{"line":55,"column":23},"end":{"line":55,"column":22}}]},"5":{"line":66,"type":"if","locations":[{"start":{"line":66,"column":4},"end":{"line":66,"column":3}},{"start":{"line":66,"column":4},"end":{"line":66,"column":3}}]}},"s":{"1":1,"2":1,"3":1,"4":1,"5":1,"6":0,"7":0,"8":0,"9":0,"10":0,"11":1,"12":1,"13":0,"14":0,"15":1,"16":0,"17":0,"18":0,"19":1,"20":0,"21":0,"22":0,"23":1,"24":0,"25":0,"26":0,"27":1,"28":0,"29":0,"30":0,"31":1,"32":0,"33":0,"34":0,"35":0,"36":0,"37":1,"38":1,"39":1},"b":{"1":[0,0],"2":[0,0],"3":[0,0],"4":[0,0],"5":[0,0]},"f":{"1":0,"2":1,"3":0,"4":0,"5":0,"6":0,"7":0,"8":0},"l":{"1":1,"2":1,"5":1,"6":1,"9":1,"10":0,"12":0,"13":0,"15":0,"18":0,"21":1,"22":1,"24":1,"25":0,"26":0,"29":1,"30":0,"34":0,"37":1,"38":0,"43":0,"46":1,"47":0,"52":0,"55":1,"56":0,"60":0,"63":1,"64":0,"66":0,"67":0,"69":0,"72":0,"80":1}},
"src/app/settings.ts":{"path":"src/app/settings.ts","statementMap":{"1":{"start":{"line":1,"column":0},"end":{"line":1,"column":44}},"2":{"start":{"line":6,"column":13},"end":{"line":6,"column":73}},"3":{"start":{"line":9,"column":0},"end":{"line":9,"column":23}},"4":{"start":{"line":21,"column":9},"end":{"line":9,"column":24}},"5":{"start":{"line":13,"column":0},"end":{"line":19,"column":1}},"6":{"start":{"line":21,"column":9},"end":{"line":14,"column":32}},"7":{"start":{"line":21,"column":9},"end":{"line":18,"column":4}},"8":{"start":{"line":22,"column":0},"end":{"line":null,"column":-1}}},"fnMap":{},"branchMap":{"1":{"line":13,"type":"if","locations":[{"start":{"line":13,"column":0},"end":{"line":13,"column":-1}},{"start":{"line":13,"column":0},"end":{"line":13,"column":-1}}]}},"s":{"1":1,"2":1,"3":1,"4":1,"5":1,"6":0,"7":1,"8":1},"b":{"1":[0,1]},"f":{},"l":{"1":1,"6":1,"9":1,"13":1,"21":1,"22":1}},
"src/app/utils/validators.ts":{"path":"src/app/utils/validators.ts","statementMap":{"1":{"start":{"line":2,"column":0},"end":{"line":2,"column":39}},"2":{"start":{"line":4,"column":0},"end":{"line":6,"column":1}},"3":{"start":{"line":5,"column":2},"end":{"line":5,"column":89}},"4":{"start":{"line":4,"column":16},"end":{"line":6,"column":1}},"5":{"start":{"line":8,"column":0},"end":{"line":10,"column":1}},"6":{"start":{"line":9,"column":2},"end":{"line":9,"column":104}},"7":{"start":{"line":8,"column":16},"end":{"line":10,"column":1}},"8":{"start":{"line":12,"column":0},"end":{"line":14,"column":1}},"9":{"start":{"line":13,"column":2},"end":{"line":13,"column":87}},"10":{"start":{"line":12,"column":16},"end":{"line":14,"column":1}}},"fnMap":{"1":{"name":"validateEmail","line":4,"loc":{"start":{"line":4,"column":0},"end":{"line":4,"column":44}}},"2":{"name":"validatePhone","line":8,"loc":{"start":{"line":8,"column":0},"end":{"line":8,"column":44}}},"3":{"name":"validateFQDN","line":12,"loc":{"start":{"line":12,"column":0},"end":{"line":12,"column":43}}}},"branchMap":{"1":{"line":5,"type":"cond-expr","locations":[{"start":{"line":5,"column":46},"end":{"line":5,"column":50}},{"start":{"line":5,"column":53},"end":{"line":5,"column":88}}]},"2":{"line":9,"type":"cond-expr","locations":[{"start":{"line":9,"column":61},"end":{"line":9,"column":65}},{"start":{"line":9,"column":68},"end":{"line":9,"column":103}}]},"3":{"line":13,"type":"cond-expr","locations":[{"start":{"line":13,"column":45},"end":{"line":13,"column":49}},{"start":{"line":13,"column":52},"end":{"line":13,"column":86}}]}},"s":{"1":1,"2":1,"3":2,"4":1,"5":1,"6":2,"7":1,"8":1,"9":0,"10":1},"b":{"1":[1,1],"2":[1,1],"3":[0,0]},"f":{"1":2,"2":2,"3":0},"l":{"2":1,"4":1,"5":2,"8":1,"9":2,"12":1,"13":0}}}
